<?xml version="1.0" encoding="utf-8"?><testsuites><testsuite name="pytest" errors="0" failures="0" skipped="0" tests="7" time="265.012" timestamp="2024-02-07T11:29:24.817778" hostname="NEW-UDHK2J5RVEL"><testcase classname="test_killer_ie.TestClass" name="test_verify_page_title" time="11.665" /><testcase classname="test_killer_ie.TestClass" name="test_user_navigates_to_login_screen" time="37.136" /><testcase classname="test_killer_ie.TestClass" name="test_login" time="26.425" /><testcase classname="test_killer_ie.TestClass" name="test_unsuccessful_login" time="25.712" /><testcase classname="test_killer_ie.TestClass" name="test_nav_to_create_account" time="23.386" /><testcase classname="test_killer_ie.TestClass" name="test_add_product_to_cart" time="51.821" /><testcase classname="test_killer_ie.TestClass" name="test_remove_product_from_cart" time="59.961" /></testsuite></testsuites>