<?xml version="1.0" encoding="utf-8"?><testsuites><testsuite name="pytest" errors="0" failures="0" skipped="0" tests="6" time="115.728" timestamp="2024-02-01T13:19:54.791663" hostname="NEW-UDHK2J5RVEL"><testcase classname="test_main.TestClass" name="test_verify_page_title" time="9.351" /><testcase classname="test_main.TestClass" name="test_user_navigates_to_login_screen" time="16.649" /><testcase classname="test_main.TestClass" name="test_login" time="17.222" /><testcase classname="test_main.TestClass" name="test_unsuccessful_login" time="15.380" /><testcase classname="test_main.TestClass" name="test_nav_to_create_account" time="16.218" /><testcase classname="test_main.TestClass" name="test_create_new_account" time="16.030" /></testsuite></testsuites>