<?xml version="1.0" encoding="utf-8"?><testsuites><testsuite name="pytest" errors="0" failures="0" skipped="0" tests="8" time="336.134" timestamp="2024-02-07T14:57:38.469912" hostname="NEW-UDHK2J5RVEL"><testcase classname="test_killer_uk.TestClass" name="test_verify_page_title" time="22.407" /><testcase classname="test_killer_uk.TestClass" name="test_user_navigates_to_login_screen" time="36.676" /><testcase classname="test_killer_uk.TestClass" name="test_login" time="24.944" /><testcase classname="test_killer_uk.TestClass" name="test_logout" time="28.849" /><testcase classname="test_killer_uk.TestClass" name="test_unsuccessful_login" time="30.307" /><testcase classname="test_killer_uk.TestClass" name="test_nav_to_create_account" time="27.139" /><testcase classname="test_killer_uk.TestClass" name="test_add_product_to_cart" time="65.927" /><testcase classname="test_killer_uk.TestClass" name="test_remove_product_from_cart" time="66.666" /></testsuite></testsuites>