<?xml version="1.0" encoding="utf-8"?><testsuites><testsuite name="pytest" errors="0" failures="0" skipped="0" tests="9" time="384.399" timestamp="2024-02-08T09:30:38.071908" hostname="NEW-UDHK2J5RVEL"><testcase classname="test_killer_uk.TestClass" name="test_verify_page_title" time="10.902" /><testcase classname="test_killer_uk.TestClass" name="test_user_navigates_to_login_screen" time="35.824" /><testcase classname="test_killer_uk.TestClass" name="test_login" time="24.447" /><testcase classname="test_killer_uk.TestClass" name="test_logout" time="26.228" /><testcase classname="test_killer_uk.TestClass" name="test_unsuccessful_login" time="26.557" /><testcase classname="test_killer_uk.TestClass" name="test_nav_to_create_account" time="23.547" /><testcase classname="test_killer_uk.TestClass" name="test_add_product_to_cart" time="59.920" /><testcase classname="test_killer_uk.TestClass" name="test_remove_product_from_cart" time="62.663" /><testcase classname="test_killer_uk.TestClass" name="test_checkout_total" time="77.199" /></testsuite></testsuites>