<?xml version="1.0" encoding="utf-8"?><testsuites><testsuite name="pytest" errors="0" failures="0" skipped="0" tests="10" time="450.156" timestamp="2024-02-09T09:08:52.335493" hostname="NEW-UDHK2J5RVEL"><testcase classname="test_killer_ie.TestClass" name="test_verify_page_title" time="14.875" /><testcase classname="test_killer_ie.TestClass" name="test_user_navigates_to_login_screen" time="36.639" /><testcase classname="test_killer_ie.TestClass" name="test_login" time="22.804" /><testcase classname="test_killer_ie.TestClass" name="test_logout" time="26.323" /><testcase classname="test_killer_ie.TestClass" name="test_unsuccessful_login" time="27.699" /><testcase classname="test_killer_ie.TestClass" name="test_nav_to_create_account" time="24.172" /><testcase classname="test_killer_ie.TestClass" name="test_add_product_to_cart" time="57.889" /><testcase classname="test_killer_ie.TestClass" name="test_remove_product_from_cart" time="61.120" /><testcase classname="test_killer_ie.TestClass" name="test_checkout_total" time="70.227" /><testcase classname="test_killer_ie.TestClass" name="test_adding_elements_to_basket" time="66.919" /></testsuite></testsuites>