<?xml version="1.0" encoding="utf-8"?><testsuites><testsuite name="pytest" errors="0" failures="0" skipped="0" tests="7" time="262.483" timestamp="2024-02-06T09:35:02.427929" hostname="NEW-UDHK2J5RVEL"><testcase classname="test_killer_de.TestClass" name="test_verify_page_title" time="12.278" /><testcase classname="test_killer_de.TestClass" name="test_user_navigates_to_login_screen" time="35.345" /><testcase classname="test_killer_de.TestClass" name="test_login" time="37.939" /><testcase classname="test_killer_de.TestClass" name="test_unsuccessful_login" time="23.621" /><testcase classname="test_killer_de.TestClass" name="test_nav_to_create_account" time="19.157" /><testcase classname="test_killer_de.TestClass" name="test_add_product_to_cart" time="45.918" /><testcase classname="test_killer_de.TestClass" name="test_remove_product_from_cart" time="59.273" /></testsuite></testsuites>