<?xml version="1.0" encoding="utf-8"?><testsuites><testsuite name="pytest" errors="0" failures="0" skipped="0" tests="6" time="113.927" timestamp="2024-02-02T08:53:37.354449" hostname="NEW-UDHK2J5RVEL"><testcase classname="test_main.TestClass" name="test_verify_page_title" time="11.637" /><testcase classname="test_main.TestClass" name="test_user_navigates_to_login_screen" time="14.986" /><testcase classname="test_main.TestClass" name="test_login" time="15.593" /><testcase classname="test_main.TestClass" name="test_unsuccessful_login" time="14.886" /><testcase classname="test_main.TestClass" name="test_nav_to_create_account" time="14.146" /><testcase classname="test_main.TestClass" name="test_create_new_account1" time="17.684" /></testsuite></testsuites>