<?xml version="1.0" encoding="utf-8"?><testsuites><testsuite name="pytest" errors="0" failures="0" skipped="0" tests="4" time="26.737" timestamp="2024-01-31T13:33:05.784520" hostname="NEW-UDHK2J5RVEL"><testcase classname="test_main" name="test_user_navigates_to_login_screen" time="4.812" /><testcase classname="test_main" name="test_verify_page_title" time="1.630" /><testcase classname="test_main" name="test_login" time="8.685" /><testcase classname="test_main" name="test_unsuccessful_login" time="8.522" /></testsuite></testsuites>