<?xml version="1.0" encoding="utf-8"?><testsuites><testsuite name="pytest" errors="0" failures="0" skipped="0" tests="4" time="65.897" timestamp="2024-02-01T10:29:49.586239" hostname="NEW-UDHK2J5RVEL"><testcase classname="test_main.TestClass" name="test_user_navigates_to_login_screen" time="9.112" /><testcase classname="test_main.TestClass" name="test_verify_page_title" time="8.842" /><testcase classname="test_main.TestClass" name="test_login" time="15.845" /><testcase classname="test_main.TestClass" name="test_unsuccessful_login" time="15.422" /></testsuite></testsuites>