<?xml version="1.0" encoding="utf-8"?><testsuites><testsuite name="pytest" errors="0" failures="0" skipped="0" tests="6" time="117.382" timestamp="2024-02-01T16:12:06.084913" hostname="NEW-UDHK2J5RVEL"><testcase classname="test_main.TestClass" name="test_verify_page_title" time="10.091" /><testcase classname="test_main.TestClass" name="test_user_navigates_to_login_screen" time="15.388" /><testcase classname="test_main.TestClass" name="test_login" time="17.769" /><testcase classname="test_main.TestClass" name="test_unsuccessful_login" time="15.873" /><testcase classname="test_main.TestClass" name="test_nav_to_create_account" time="15.762" /><testcase classname="test_main.TestClass" name="test_create_new_account1" time="17.941" /></testsuite></testsuites>